[     349ms] [WARNING] iso_swr: SSR fetch failed for "/api/v2/teams/mitre88s-projects" {error: iso_swr_fetch_error, message: Not authorized} @ https://vercel.com/mitre88s-projects/allyn/settings/environment-variables:242
[     372ms] [WARNING] iso_swr: SSR fetch failed for "/api/v9/projects/allyn?latestDeployments=0&rollbackInfo=true&teamId=mitre88s-projects" {error: iso_swr_fetch_error, message: Not authorized} @ https://vercel.com/mitre88s-projects/allyn/settings/environment-variables:252
[     407ms] [WARNING] iso_swr: SSR fetch failed for "/api/v1/storage/stores?skip-metadata=true&teamId=mitre88s-projects" {error: iso_swr_fetch_error, message: Not authorized} @ https://vercel.com/mitre88s-projects/allyn/settings/environment-variables:252
[     461ms] [WARNING] iso_swr[warn] [client] fallback error for key: "/api/v2/teams/mitre88s-projects" {error: iso_swr_fetch_error, message: Not authorized} @ https://vercel.com/_next/static/chunks/0uow~~acp7_m9.js?dpl=dpl_C5yFeLfSJk9peS7f29KFqdBgUr78:2
[     539ms] [ERROR] Failed to load resource: the server responded with a status of 403 () @ https://vercel.com/api/v2/teams/mitre88s-projects:0
[     666ms] Minified React error #419; visit https://react.dev/errors/419 for the full message or use the non-minified dev environment for full errors and additional helpful warnings.
[     675ms] [ERROR] Failed to load resource: the server responded with a status of 403 () @ https://vercel.com/api/v1/dashboard/projects/allyn?teamId=mitre88s-projects:0
[     709ms] [ERROR] CustomFetchError: Not authorized
    at f (https://vercel.com/_next/static/chunks/0y0lolybhagui.js?dpl=dpl_C5yFeLfSJk9peS7f29KFqdBgUr78:2:38863) @ https://vercel.com/_next/static/chunks/0vbtrf2w.p2xt.js?dpl=dpl_C5yFeLfSJk9peS7f29KFqdBgUr78:102
[     748ms] [ERROR] Failed to load resource: the server responded with a status of 403 () @ https://vercel.com/api/v1/dashboard/projects/allyn?teamId=mitre88s-projects:0
[     748ms] [ERROR] Failed to load resource: the server responded with a status of 403 () @ https://vercel.com/api/v2/teams/mitre88s-projects:0
[     748ms] [ERROR] Failed to load resource: the server responded with a status of 403 () @ https://vercel.com/api/recents?hydrateLimit=30&limit=7&teamId=mitre88s-projects&type=preview:0
[     766ms] [ERROR] Failed to load resource: the server responded with a status of 403 () @ https://vercel.com/api/v2/dashboard/projects?favorites=1&limit=25&teamId=mitre88s-projects:0
[    1027ms] [WARNING] Deprecated API for given entry type. @ https://vercel.com/_next/static/chunks/020ee9pvbjvvl.js?dpl=dpl_C5yFeLfSJk9peS7f29KFqdBgUr78:18
[    4301ms] [WARNING] The resource https://vercel.com/_next/static/chunks/02vrnzi_q12v0.css?dpl=dpl_C5yFeLfSJk9peS7f29KFqdBgUr78 was preloaded using link preload but not used within a few seconds from the window's load event. Please make sure it has an appropriate `as` value and it is preloaded intentionally. @ https://vercel.com/mitre88s-projects/allyn/settings/environment-variables:0
[    4301ms] [WARNING] The resource https://vercel.com/_next/static/chunks/0ct5hlmcpyfrd.css?dpl=dpl_C5yFeLfSJk9peS7f29KFqdBgUr78 was preloaded using link preload but not used within a few seconds from the window's load event. Please make sure it has an appropriate `as` value and it is preloaded intentionally. @ https://vercel.com/mitre88s-projects/allyn/settings/environment-variables:0
[   15399ms] [WARNING] The resource https://vercel.com/_next/static/chunks/02vrnzi_q12v0.css?dpl=dpl_C5yFeLfSJk9peS7f29KFqdBgUr78 was preloaded using link preload but not used within a few seconds from the window's load event. Please make sure it has an appropriate `as` value and it is preloaded intentionally. @ https://vercel.com/mitre88s-projects/allyn/settings/environment-variables:0
[   15399ms] [WARNING] The resource https://vercel.com/_next/static/chunks/0ct5hlmcpyfrd.css?dpl=dpl_C5yFeLfSJk9peS7f29KFqdBgUr78 was preloaded using link preload but not used within a few seconds from the window's load event. Please make sure it has an appropriate `as` value and it is preloaded intentionally. @ https://vercel.com/mitre88s-projects/allyn/settings/environment-variables:0
[   26286ms] [WARNING] The resource https://vercel.com/_next/static/chunks/02vrnzi_q12v0.css?dpl=dpl_C5yFeLfSJk9peS7f29KFqdBgUr78 was preloaded using link preload but not used within a few seconds from the window's load event. Please make sure it has an appropriate `as` value and it is preloaded intentionally. @ https://vercel.com/mitre88s-projects/allyn/settings/environment-variables:0
[   26286ms] [WARNING] The resource https://vercel.com/_next/static/chunks/0ct5hlmcpyfrd.css?dpl=dpl_C5yFeLfSJk9peS7f29KFqdBgUr78 was preloaded using link preload but not used within a few seconds from the window's load event. Please make sure it has an appropriate `as` value and it is preloaded intentionally. @ https://vercel.com/mitre88s-projects/allyn/settings/environment-variables:0
[   34417ms] [ERROR] Failed to load resource: the server responded with a status of 400 () @ https://vercel.com/api/v13/deployments?teamId=team_43KXndYe3WdjsoyyIDN8qs5i:0
[   37420ms] [WARNING] The resource https://vercel.com/_next/static/chunks/02vrnzi_q12v0.css?dpl=dpl_C5yFeLfSJk9peS7f29KFqdBgUr78 was preloaded using link preload but not used within a few seconds from the window's load event. Please make sure it has an appropriate `as` value and it is preloaded intentionally. @ https://vercel.com/mitre88s-projects/allyn/settings/environment-variables:0
[   37420ms] [WARNING] The resource https://vercel.com/_next/static/chunks/0ct5hlmcpyfrd.css?dpl=dpl_C5yFeLfSJk9peS7f29KFqdBgUr78 was preloaded using link preload but not used within a few seconds from the window's load event. Please make sure it has an appropriate `as` value and it is preloaded intentionally. @ https://vercel.com/mitre88s-projects/allyn/settings/environment-variables:0
[   48426ms] [WARNING] The resource https://vercel.com/_next/static/chunks/02vrnzi_q12v0.css?dpl=dpl_C5yFeLfSJk9peS7f29KFqdBgUr78 was preloaded using link preload but not used within a few seconds from the window's load event. Please make sure it has an appropriate `as` value and it is preloaded intentionally. @ https://vercel.com/mitre88s-projects/allyn/settings/environment-variables:0
[   48426ms] [WARNING] The resource https://vercel.com/_next/static/chunks/0ct5hlmcpyfrd.css?dpl=dpl_C5yFeLfSJk9peS7f29KFqdBgUr78 was preloaded using link preload but not used within a few seconds from the window's load event. Please make sure it has an appropriate `as` value and it is preloaded intentionally. @ https://vercel.com/mitre88s-projects/allyn/settings/environment-variables:0
[   53997ms] [ERROR] Failed to load resource: the server responded with a status of 400 () @ https://vercel.com/api/v13/deployments?teamId=team_43KXndYe3WdjsoyyIDN8qs5i:0
[   57000ms] [WARNING] The resource https://vercel.com/_next/static/chunks/02vrnzi_q12v0.css?dpl=dpl_C5yFeLfSJk9peS7f29KFqdBgUr78 was preloaded using link preload but not used within a few seconds from the window's load event. Please make sure it has an appropriate `as` value and it is preloaded intentionally. @ https://vercel.com/mitre88s-projects/allyn/settings/environment-variables:0
[   57000ms] [WARNING] The resource https://vercel.com/_next/static/chunks/0ct5hlmcpyfrd.css?dpl=dpl_C5yFeLfSJk9peS7f29KFqdBgUr78 was preloaded using link preload but not used within a few seconds from the window's load event. Please make sure it has an appropriate `as` value and it is preloaded intentionally. @ https://vercel.com/mitre88s-projects/allyn/settings/environment-variables:0
[   66990ms] [WARNING] The resource https://vercel.com/_next/static/chunks/02vrnzi_q12v0.css?dpl=dpl_C5yFeLfSJk9peS7f29KFqdBgUr78 was preloaded using link preload but not used within a few seconds from the window's load event. Please make sure it has an appropriate `as` value and it is preloaded intentionally. @ https://vercel.com/mitre88s-projects/allyn/settings/environment-variables:0
[   66991ms] [WARNING] The resource https://vercel.com/_next/static/chunks/0ct5hlmcpyfrd.css?dpl=dpl_C5yFeLfSJk9peS7f29KFqdBgUr78 was preloaded using link preload but not used within a few seconds from the window's load event. Please make sure it has an appropriate `as` value and it is preloaded intentionally. @ https://vercel.com/mitre88s-projects/allyn/settings/environment-variables:0
[  205423ms] [WARNING] The resource https://vercel.com/_next/static/chunks/02vrnzi_q12v0.css?dpl=dpl_C5yFeLfSJk9peS7f29KFqdBgUr78 was preloaded using link preload but not used within a few seconds from the window's load event. Please make sure it has an appropriate `as` value and it is preloaded intentionally. @ https://vercel.com/mitre88s-projects/allyn/settings/environment-variables:0
[  205423ms] [WARNING] The resource https://vercel.com/_next/static/chunks/0ct5hlmcpyfrd.css?dpl=dpl_C5yFeLfSJk9peS7f29KFqdBgUr78 was preloaded using link preload but not used within a few seconds from the window's load event. Please make sure it has an appropriate `as` value and it is preloaded intentionally. @ https://vercel.com/mitre88s-projects/allyn/settings/environment-variables:0
